#
# A fatal error has been detected by the Java Runtime Environment:
#
#  EXCEPTION_ACCESS_VIOLATION (0xc0000005) at pc=0x04fa46d4, pid=10388, tid=9896
#
# JRE version: 6.0_31-b05
# Java VM: Java HotSpot(TM) Client VM (20.6-b01 mixed mode, sharing windows-x86 )
# Problematic frame:
# C  [ig4icd32.dll+0xc46d4]
#
# If you would like to submit a bug report, please visit:
#   http://java.sun.com/webapps/bugreport/crash.jsp
# The crash happened outside the Java Virtual Machine in native code.
# See problematic frame for where to report the bug.
#

---------------  T H R E A D  ---------------

Current thread (0x002b9400):  JavaThread "main" [_thread_in_native, id=9896, stack(0x00260000,0x002b0000)]

siginfo: ExceptionCode=0xc0000005, reading address 0x00000000

Registers:
EAX=0x00000024, EBX=0x07d6f500, ECX=0x00000000, EDX=0x0000000c
ESP=0x002afa40, EBP=0x002afafc, ESI=0x06cbc5c8, EDI=0x0068de44
EIP=0x04fa46d4, EFLAGS=0x00010202

Top of Stack: (sp=0x002afa40)
0x002afa40:   00000000 00685d5c 000801f8 00000000
0x002afa50:   00000003 ffffffff 00000018 00000000
0x002afa60:   00000010 00000024 0000000c 07d90400
0x002afa70:   00000000 07da58c0 00000003 00685d5c
0x002afa80:   43a00000 43a00000 43a00000 43a00000
0x002afa90:   43700000 43700000 43700000 43700000
0x002afaa0:   4740f000 4740f000 4740f000 4740f000
0x002afab0:   47414000 47414000 47414000 47414000 

Instructions: (pc=0x04fa46d4)
0x04fa46b4:   54 24 24 83 fa 04 7d 14 83 fa 03 8b c1 7d 04 89
0x04fa46c4:   4c 24 18 83 fa 02 7d 04 89 4c 24 28 8b 54 24 28
0x04fa46d4:   0f 12 01 0f 16 02 8b 54 24 18 0f 12 12 0f 16 10
0x04fa46e4:   0f 28 c8 0f c6 c2 dd 0f c6 ca 88 0f 12 52 04 0f 


Register to memory mapping:

EAX=0x00000024 is an unknown value
EBX=0x07d6f500 is an unknown value
ECX=0x00000000 is an unknown value
EDX=0x0000000c is an unknown value
ESP=0x002afa40 is pointing into the stack for thread: 0x002b9400
EBP=0x002afafc is pointing into the stack for thread: 0x002b9400
ESI=0x06cbc5c8 is an unknown value
EDI=0x0068de44 is an unknown value


Stack: [0x00260000,0x002b0000],  sp=0x002afa40,  free space=318k
Native frames: (J=compiled Java code, j=interpreted, Vv=VM code, C=native code)
C  [ig4icd32.dll+0xc46d4]

Java frames: (J=compiled Java code, j=interpreted, Vv=VM code)
j  org.lwjgl.opengl.GL11.nglDrawArrays(IIIJ)V+0
j  org.lwjgl.opengl.GL11.glDrawArrays(III)V+20
j  graphics.ThreeDModel.render()V+208
j  test.SimpleModelEntity.render()V+71
j  graphics.ThreeDGraphicsManager.render()V+116
J  game.Game.run()V
j  test.GameTest.main([Ljava/lang/String;)V+49
v  ~StubRoutines::call_stub

---------------  P R O C E S S  ---------------

Java Threads: ( => current thread )
  0x04af5800 JavaThread "Thread-0" [_thread_in_vm, id=6384, stack(0x08ae0000,0x08b30000)]
  0x04c7f800 JavaThread "Thread-2" [_thread_in_vm, id=7608, stack(0x08a50000,0x08aa0000)]
  0x024e1000 JavaThread "Low Memory Detector" daemon [_thread_blocked, id=8232, stack(0x049a0000,0x049f0000)]
  0x024da000 JavaThread "C1 CompilerThread0" daemon [_thread_in_vm, id=6344, stack(0x04910000,0x04960000)]
  0x024d9000 JavaThread "Attach Listener" daemon [_thread_blocked, id=10196, stack(0x04880000,0x048d0000)]
  0x024d6000 JavaThread "Signal Dispatcher" daemon [_thread_blocked, id=10992, stack(0x047f0000,0x04840000)]
  0x024cc800 JavaThread "Finalizer" daemon [_thread_blocked, id=5188, stack(0x04760000,0x047b0000)]
  0x024cb400 JavaThread "Reference Handler" daemon [_thread_blocked, id=9524, stack(0x046d0000,0x04720000)]
=>0x002b9400 JavaThread "main" [_thread_in_native, id=9896, stack(0x00260000,0x002b0000)]

Other Threads:
  0x0248e000 VMThread [stack: 0x04640000,0x04690000] [id=7880]
  0x024f2800 WatcherThread [stack: 0x04a30000,0x04a80000] [id=7296]

VM state:not at safepoint (normal execution)

VM Mutex/Monitor currently owned by a thread: None

Heap
 def new generation   total 4928K, used 3458K [0x245c0000, 0x24b10000, 0x29b10000)
  eden space 4416K,  66% used [0x245c0000, 0x248a0b38, 0x24a10000)
  from space 512K, 100% used [0x24a10000, 0x24a90000, 0x24a90000)
  to   space 512K,   0% used [0x24a90000, 0x24a90000, 0x24b10000)
 tenured generation   total 10944K, used 591K [0x29b10000, 0x2a5c0000, 0x345c0000)
   the space 10944K,   5% used [0x29b10000, 0x29ba3cb8, 0x29ba3e00, 0x2a5c0000)
 compacting perm gen  total 12288K, used 2721K [0x345c0000, 0x351c0000, 0x385c0000)
   the space 12288K,  22% used [0x345c0000, 0x34868440, 0x34868600, 0x351c0000)
    ro space 10240K,  54% used [0x385c0000, 0x38b3ee00, 0x38b3ee00, 0x38fc0000)
    rw space 12288K,  55% used [0x38fc0000, 0x39662800, 0x39662800, 0x39bc0000)

Code Cache  [0x02550000, 0x02638000, 0x04550000)
 total_blobs=499 nmethods=273 adapters=162 free_code_cache=32607808 largest_free_block=0

Dynamic libraries:
0x00400000 - 0x00425000 	C:\Program Files (x86)\Java\jdk1.6.0_31\bin\java.exe
0x775d0000 - 0x77750000 	C:\windows\SysWOW64\ntdll.dll
0x728b0000 - 0x728ef000 	C:\Program Files\AVAST Software\Avast\snxhk.dll
0x75330000 - 0x75440000 	C:\windows\syswow64\KERNEL32.dll
0x767d0000 - 0x76817000 	C:\windows\syswow64\KERNELBASE.dll
0x75610000 - 0x756b0000 	C:\windows\syswow64\ADVAPI32.dll
0x77090000 - 0x7713c000 	C:\windows\syswow64\msvcrt.dll
0x76da0000 - 0x76db9000 	C:\windows\SysWOW64\sechost.dll
0x76940000 - 0x76a30000 	C:\windows\syswow64\RPCRT4.dll
0x75030000 - 0x75090000 	C:\windows\syswow64\SspiCli.dll
0x75020000 - 0x7502c000 	C:\windows\syswow64\CRYPTBASE.dll
0x7c340000 - 0x7c396000 	C:\Program Files (x86)\Java\jdk1.6.0_31\jre\bin\msvcr71.dll
0x6d8c0000 - 0x6db6f000 	C:\Program Files (x86)\Java\jdk1.6.0_31\jre\bin\client\jvm.dll
0x76f90000 - 0x77090000 	C:\windows\syswow64\USER32.dll
0x75500000 - 0x75590000 	C:\windows\syswow64\GDI32.dll
0x754f0000 - 0x754fa000 	C:\windows\syswow64\LPK.dll
0x75450000 - 0x754ed000 	C:\windows\syswow64\USP10.dll
0x73c00000 - 0x73c32000 	C:\windows\system32\WINMM.dll
0x752d0000 - 0x75330000 	C:\windows\system32\IMM32.DLL
0x76490000 - 0x7655c000 	C:\windows\syswow64\MSCTF.dll
0x74650000 - 0x7469c000 	C:\windows\system32\apphelp.dll
0x6d870000 - 0x6d87c000 	C:\Program Files (x86)\Java\jdk1.6.0_31\jre\bin\verify.dll
0x6d3d0000 - 0x6d3ef000 	C:\Program Files (x86)\Java\jdk1.6.0_31\jre\bin\java.dll
0x6d8b0000 - 0x6d8bf000 	C:\Program Files (x86)\Java\jdk1.6.0_31\jre\bin\zip.dll
0x10000000 - 0x1004c000 	C:\Users\Andy\Documents\GitHub\Voyager_Engine\lib\lwjgl-2.9.0\native\windows\lwjgl.dll
0x712b0000 - 0x71378000 	C:\windows\system32\OPENGL32.dll
0x74e70000 - 0x74e92000 	C:\windows\system32\GLU32.dll
0x6c240000 - 0x6c327000 	C:\windows\system32\DDRAW.dll
0x74ae0000 - 0x74ae6000 	C:\windows\system32\DCIMAN32.dll
0x75090000 - 0x7522d000 	C:\windows\syswow64\SETUPAPI.dll
0x76560000 - 0x76587000 	C:\windows\syswow64\CFGMGR32.dll
0x77140000 - 0x771cf000 	C:\windows\syswow64\OLEAUT32.dll
0x76c00000 - 0x76d5c000 	C:\windows\syswow64\ole32.dll
0x755a0000 - 0x755b2000 	C:\windows\syswow64\DEVOBJ.dll
0x70730000 - 0x70743000 	C:\windows\system32\dwmapi.dll
0x746b0000 - 0x746b9000 	C:\windows\system32\VERSION.dll
0x73020000 - 0x731be000 	C:\windows\WinSxS\x86_microsoft.windows.common-controls_6595b64144ccf1df_6.0.7601.17514_none_41e6975e2bd6f2b2\COMCTL32.dll
0x76ac0000 - 0x76b17000 	C:\windows\syswow64\SHLWAPI.dll
0x707f0000 - 0x70870000 	C:\windows\system32\uxtheme.dll
0x04ee0000 - 0x05ca1000 	C:\windows\system32\ig4icd32.dll
0x6c950000 - 0x6c9c9000 	C:\windows\system32\mscms.dll
0x73a90000 - 0x73aa7000 	C:\windows\system32\USERENV.dll
0x73b80000 - 0x73b8b000 	C:\windows\system32\profapi.dll
0x6ef90000 - 0x6efc8000 	C:\windows\system32\icm32.dll
0x08b30000 - 0x08b95000 	C:\Users\Andy\Documents\GitHub\Voyager_Engine\lib\lwjgl-2.9.0\native\windows\OpenAL32.dll
0x757d0000 - 0x7641a000 	C:\windows\syswow64\SHELL32.dll
0x6d0b0000 - 0x6d1fc000 	C:\Program Files (x86)\Java\jdk1.6.0_31\jre\bin\awt.dll
0x6c170000 - 0x6c1c1000 	C:\windows\system32\WINSPOOL.DRV
0x76a30000 - 0x76ab3000 	C:\windows\syswow64\CLBCatQ.DLL
0x71680000 - 0x716b9000 	C:\windows\System32\MMDevApi.dll
0x71910000 - 0x71a05000 	C:\windows\System32\PROPSYS.dll
0x70df0000 - 0x70e62000 	C:\windows\system32\dsound.dll
0x73610000 - 0x73635000 	C:\windows\system32\POWRPROF.dll
0x70e80000 - 0x70eb6000 	C:\windows\system32\AUDIOSES.DLL
0x76790000 - 0x76795000 	C:\windows\system32\PSAPI.DLL

VM Arguments:
jvm_args: -Dfile.encoding=UTF-8 -Djava.library.path=C:\Users\Andy\Documents\GitHub\Voyager_Engine\lib\lwjgl-2.9.0\native\windows 
java_command: test.GameTest
Launcher Type: SUN_STANDARD

Environment Variables:
PATH=C:\Program Files\Common Files\Microsoft Shared\Windows Live;C:\Program Files (x86)\Common Files\Microsoft Shared\Windows Live;C:\windows\system32;C:\windows;C:\windows\System32\Wbem;C:\windows\System32\WindowsPowerShell\v1.0\;C:\Program Files (x86)\Windows Live\Shared;C:\Program Files\Intel\WiFi\bin\;C:\Program Files\Common Files\Intel\WirelessCommon\;C:\MinGW\bin\;C:\Users\Andy\Desktop\Cmake_Kinect\lib\;C:\Users\Andy\Downloads\glut-3.7.6-bin\glut-3.7.6-bin\;C:\Users\Andy\Downloads\pthreadGC2.dll;C:\My_Dll\;C:\Program Files (x86)\Subversion\bin\;C:\Program Files\IVI Foundation\VISA\Win64\Bin\;C:\Program Files (x86)\IVI Foundation\VISA\WinNT\Bin\;C:\Program Files (x86)\IVI Foundation\VISA\WinNT\Bin
USERNAME=Andy
OS=Windows_NT
PROCESSOR_IDENTIFIER=Intel64 Family 6 Model 42 Stepping 7, GenuineIntel



---------------  S Y S T E M  ---------------

OS: Windows 7 , 64 bit Build 7601 Service Pack 1

CPU:total 4 (2 cores per cpu, 2 threads per core) family 6 model 42 stepping 7, cmov, cx8, fxsr, mmx, sse, sse2, sse3, ssse3, sse4.1, sse4.2, popcnt, ht

Memory: 4k page, physical 4095412k(1042576k free), swap 8188960k(3993376k free)

vm_info: Java HotSpot(TM) Client VM (20.6-b01) for windows-x86 JRE (1.6.0_31-b05), built on Feb  3 2012 18:44:09 by "java_re" with MS VC++ 7.1 (VS2003)

time: Sun Dec 01 17:33:05 2013
elapsed time: 0 seconds

